<?xml version="1.0" encoding="UTF-8"?>
<testng-results skipped="0" failed="0" total="1" passed="1">
  <reporter-output>
  </reporter-output>
  <suite name="Suite" duration-ms="10380" started-at="2018-11-16T07:33:24Z" finished-at="2018-11-16T07:33:34Z">
    <groups>
    </groups>
    <test name="Test" duration-ms="10380" started-at="2018-11-16T07:33:24Z" finished-at="2018-11-16T07:33:34Z">
      <class name="com.ActionDemo.ActionFirstTest">
        <test-method status="PASS" signature="beforeTest()[pri:0, instance:com.ActionDemo.ActionFirstTest@19dfb72a]" name="beforeTest" is-config="true" duration-ms="7708" started-at="2018-11-16T13:03:24Z" finished-at="2018-11-16T13:03:32Z">
          <reporter-output>
          </reporter-output>
        </test-method> <!-- beforeTest -->
        <test-method status="PASS" signature="login()[pri:0, instance:com.ActionDemo.ActionFirstTest@19dfb72a]" name="login" duration-ms="2649" started-at="2018-11-16T13:03:32Z" finished-at="2018-11-16T13:03:34Z">
          <reporter-output>
          </reporter-output>
        </test-method> <!-- login -->
        <test-method status="PASS" signature="afterTest()[pri:0, instance:com.ActionDemo.ActionFirstTest@19dfb72a]" name="afterTest" is-config="true" duration-ms="0" started-at="2018-11-16T13:03:34Z" finished-at="2018-11-16T13:03:34Z">
          <reporter-output>
          </reporter-output>
        </test-method> <!-- afterTest -->
      </class> <!-- com.ActionDemo.ActionFirstTest -->
    </test> <!-- Test -->
  </suite> <!-- Suite -->
</testng-results>
